arvindvjkumar : 1
arvindvjkumar : 2
arvindvjkumar : 3
EKhaykin : 1
EKhaykin : 2
EKhaykin : 3
EKhaykin : 4
EKhaykin : 5
EKhaykin : 6
kaveeshCuDi : 1
kaveeshCuDi : 2
kaveeshCuDi : 3
kaveeshCuDi : 4
kaveeshCuDi : 5
kaveeshCuDi : 6
kaveeshCuDi : 7
kaveeshCuDi : 8
kaveeshCuDi : 9
kaveeshCuDi : 10
moshea93 : 1
moshea93 : 2
moshea93 : 3
moshea93 : 4
moshea93 : 5
moshea93 : 6
moshea93 : 7
moshea93 : 8
moshea93 : 9
moshea93 : 10
moshea93 : 11
moshea93 : 12
moshea93 : 13
moshea93 : 14
moshea93 : 15
moshea93 : 16
FreshFrey : 1
FreshFrey : 2
FreshFrey : 3
FreshFrey : 4
FreshFrey : 5
CMUBoyProblems : 1
CMUBoyProblems : 2
CMUBoyProblems : 3
CMUBoyProblems : 4
perfnormalbeast : 1
perfnormalbeast : 2
OnerousLetterLi : 1
OnerousLetterLi : 2
OnerousLetterLi : 3
OnerousLetterLi : 4
OnerousLetterLi : 5
OnerousLetterLi : 6
OnerousLetterLi : 7
OnerousLetterLi : 8
OnerousLetterLi : 9
icanberk : 1
icanberk : 2
icanberk : 3
pkumar325 : 1
pkumar325 : 2
pkumar325 : 3
justcallmepa : 1
justcallmepa : 2
justcallmepa : 3
justcallmepa : 4
justcallmepa : 5
AlBarree : 1
AlBarree : 2
AlBarree : 3
AlBarree : 4
AlBarree : 5
AlBarree : 6
AlBarree : 7
AlBarree : 8
AlBarree : 9
AlBarree : 10
AlBarree : 11
AlBarree : 12
AlBarree : 13
NickelSn_ : 1
NickelSn_ : 2
bradenkelner : 1
Niot117 : 1
Niot117 : 2
Niot117 : 3
crazyboy92758 : 1
kevinandrewsun : 1
kevinandrewsun : 2
kevinandrewsun : 3
kevinandrewsun : 4
kevinandrewsun : 5
kevinandrewsun : 6
kevinandrewsun : 7
kevinandrewsun : 8
kevinandrewsun : 9
kevinandrewsun : 10
kevinandrewsun : 11
kevinandrewsun : 12
kevinandrewsun : 13
kevinandrewsun : 14
kevinandrewsun : 15
CMUFence : 1
CMUFence : 2
CMUFence : 3
keneil_shah : 1
_JoeChoi : 1
_JoeChoi : 2
Brian_DaSexy : 1
Brian_DaSexy : 2
Brian_DaSexy : 3
Brian_DaSexy : 4
Brian_DaSexy : 5
Brian_DaSexy : 6
Brian_DaSexy : 7
Brian_DaSexy : 8
avbytes : 1
avbytes : 2
avbytes : 3
avbytes : 4
avbytes : 5
avbytes : 6
avbytes : 7
avbytes : 8
avbytes : 9
avbytes : 10
avbytes : 11
avbytes : 12
avbytes : 13
avbytes : 14
avbytes : 15
avbytes : 16
avbytes : 17
avbytes : 18
avbytes : 19
avbytes : 20
avbytes : 21
avbytes : 22
avbytes : 23
avbytes : 24
avbytes : 25
avbytes : 26
avbytes : 27
avbytes : 28
avbytes : 29
avbytes : 30
avbytes : 31
avbytes : 32
avbytes : 33
avbytes : 34
avbytes : 35
avbytes : 36
avbytes : 37
avbytes : 38
avbytes : 39
TacticaITaco : 1
TacticaITaco : 2
TacticaITaco : 3
Michy_Villa : 1
Michy_Villa : 2
Michy_Villa : 3
Michy_Villa : 4
Michy_Villa : 5
Michy_Villa : 6
Michy_Villa : 7
ArunMJ62393 : 1
ArunMJ62393 : 2
ArunMJ62393 : 3
ArunMJ62393 : 4
ArunMJ62393 : 5
ArunMJ62393 : 6
ArunMJ62393 : 7
ECEKidProblems : 1
ECEKidProblems : 2
gOnDooooo : 1
gOnDooooo : 2
gOnDooooo : 3
gOnDooooo : 4
gOnDooooo : 5
gOnDooooo : 6
VictorLuo1 : 1
shrootss : 1
mirai418 : 1
mirai418 : 2
mirai418 : 3
mirai418 : 4
schedulepls : 1
schedulepls : 2
ahmigoldberg : 1
ahmigoldberg : 2
ahmigoldberg : 3
ahmigoldberg : 4
CMUdems : 1
CMUdems : 2
samuelandk1 : 1
Ree_On_Lay : 1
chak93 : 1
Sparkskite : 1
ElenaGhanaim : 1
ElenaGhanaim : 2
ElenaGhanaim : 3
ElenaGhanaim : 4
ElenaGhanaim : 5
Rayvanilla : 1
Rayvanilla : 2
Rayvanilla : 3
Rayvanilla : 4
Rayvanilla : 5
Rayvanilla : 6
Rayvanilla : 7
coustayingalive : 1
coustayingalive : 2
coustayingalive : 3
