foxnews:
.@krauthammer: “As [voters] approach the real crunch, when they have to vote, they’re looking at other people to be Pres.” #KellyFile
(5.6691716758919934, 4.0041986273598829)
.@krauthammer: @realDonaldTrump “falls behind in one national poll &amp; all of a sudden they don’t really matter.” https://t.co/kVW0uWAI9R
(5.5275210251579621, 3.5578414696198659)
.@greggutfeld: "People who are conservative tend to do things. People who aren't conservative talk about things." https://t.co/Kcze5Dx6ew
(5.3427977682694667, 3.1021296087645549)
.@greggutfeld to conservatives: "We need to be more persuasive. We need to laugh more. We need to be less shrill." https://t.co/IHEiUom8Vn
(5.5720741576557016, 4.4726582108612281)
Koppel: "The problem is @DHSgov does not have a plan for the civilian population in the event that this happens." https://t.co/5l3egCRsno
(5.3519411476230019, 4.1234621443514028)
Ted Koppel: "The Internet was designed to be a meeting place for professors w/ good ideas. It was never designed to be defended."
(6.1397472705216334, 3.5502503738979843)
Ted Koppel on cyberattacks: "The vast preponderance of [experts] believe that this is not only a possibility, but a likelihood."
(6.2938510671647627, 3.7919466760904688)
NEXT: "Is It Legal?" @kimguilfoyle &amp; @LisWiehl weigh in on why a doctor died from a cocaine overdose but no one has been charged.
(4.4432676755291531, 3.9533839620427575)
.@KirstenPowers: "We are in a very different time. I don't think it's a normal election cycle." #OReillyFactor https://t.co/hrNiBN965l
(5.7400636571777177, 3.6519376051999481)
.@oreillyfactor on GOP voters: "They want an avenger to come in, not only a policy wonk." #OReillyFactor https://t.co/ZDOax1UCXa
(5.0694742792538152, 4.0363550933466978)
.@KirstenPowers on @realDonaldTrump: "There's not enough 'there' there. He's entertaining &amp; he's like watching a car crash." #OReillyFactor
(6.7510151278329795, 4.5669750944302185)
.@marcorubio on debate prep: "By &amp; large what's made it easier for us...is I know what I believe in." #OReillyFactor https://t.co/9q9aacFLpT
(5.999384914355927, 3.9157431168596029)
.@marcorubio: "What about the men &amp; women in uniform...that are the thin blue line between us &amp; danger?" https://t.co/KS5aZjd024
(4.7052201143820866, 4.0490730357002649)
.@marcorubio: "The overwhelming &amp; vast majority of law enforcement officers in this country are just trying to do their jobs."#OReillyFactor
(5.0423204207747565, 4.142902235888152)
.@marcorubio: "Until we're honest about the fact that we have significant societal breakdown in this country...can't begin to address it."
(6.3044079713147987, 3.6970961936758653)
.@trish_regan: "We are creating a culture of dependency...it makes it very hard for people to...restore their own pride &amp; go to work."
(5.5756402360784838, 4.4097075398538363)
.@MelissaAFrancis: "The free handout looks tantalizing when you're sitting there &amp; you're desperate." #OReillyFactor https://t.co/pFy3sufsCh
(5.1287565057390703, 4.6229883249652177)
.@trish_regan: "I think that @HillaryClinton is offering a lot of voters some kind of tangible benefit." https://t.co/FK4gz2SaDo
(6.7780833973685448, 3.6407936548675122)
.@oreillyfactor: "If you are not making much money, &amp; you just sit there hoping a political party will improve your life, you are a fool."
(5.695485788707912, 4.6725719191685693)
.@oreillyfactor: "It's clear the social welfare state isn't benefiting working Americans, who remain under tremendous earning pressure."
(5.4346267515860998, 3.7479253998117654)
alohaarleen:
@xOahuBeachx I'm in Virginia whete we have a small farm. Time to take care of family for a while.
(6.3124210615913743, 3.535514816329016)
@cboards very cool
(6.8200000000000003, 3.4300000000000002)
RT @Shazzalive: Tech Roundup is out! https://t.co/q0kXVMYRXS
(0.0, 0.0)
@xOahuBeachx a bit homesick tonight =) but I am blessed. I hope you're doing well.
(5.4519663844940673, 4.1620446371746294)
@thefuneralcmdr are you here in Virginia?
(0.0, 0.0)
I am feeling a bit blue on this rainy autumn night in Virginia. The fall colors here are... https://t.co/5jPOUCbSJq https://t.co/fsak3nHELu
(5.9299588913226904, 3.8279872858056909)
#HappyBirthday1989 reminds me of this 1989 photo &amp; my baby girl. I was a sleep deprived new mom. https://t.co/7DOHXmPt9f
(7.1874964305422511, 4.6800523897629391)
@butchey12 @shortie_xo_3 @ninscrystal @jakki2004 @mariarussell Aloha! https://t.co/3enzatOyMe
(0.0, 0.0)
@Mister_Erv sorry, she's married and the pumpkin cheesecake was made for her hubby's bday!
(6.5919311077031972, 3.7964879111967162)
@AlJDugan sweet! Embrace the colors of earth!
(7.2823308270676694, 4.6118132854578091)
@xOahuBeachx Aloha Rosemary! How are you?
(0.0, 0.0)
Congrats @garyvee on a great write up for your upcoming book on @HuffingtonPost ! https://t.co/7bJnASFCUO #socialmedia
(6.8981529490395515, 3.9259974010996204)
A sign of good advice! https://t.co/dhHj6TvAV1
(6.3300899932840817, 3.2754183695418364)
Dang! Just saw the commercial for the iPhone 6s &amp; now I want one! And I'm an Android girl! https://t.co/fcMchzFXEM
(5.4819069482288834, 4.3053012000410407)
There is beauty in life. There is beauty in death. Each is just a different step. Embrace each moment.~Arleen Boyd https://t.co/TC4i3bbsdD
(5.8024877181047723, 4.5359668189279532)
I could have sat here all day. At The Peaks of Otter #Virginia in #fall https://t.co/5MwKyBEkKt
(6.1559183673469393, 3.5668965517241382)
I need a kitchen like this one to bring the outdoors in! https://t.co/ZvOUgOmdv4
(6.2945027213586382, 3.7247261998951777)
RT @nachase: Arthur's Cataract Surgery https://t.co/E0N5Q1NtEM … … via @advoec8 @JohnChow @zacjohnson @ZacEfron @AlohaArleen @Setting4Succe…
(0.0, 0.0)
RT @mhookano: Kulia I Ka Nu'u is out! https://t.co/RMgpbTfV2x Stories via @AlohaArleen
(0.0, 0.0)
RT @RonDruyan: Hey @AlohaArleen - U'V asked me to BUG u &amp; others to support   @TUTTI_DRUYAN #campaign: 
https://t.co/Pbgg3hxJcr BUG BUG 😃BU…
(6.8900000000000006, 3.0500000000000003)
waynemansfield:
https://t.co/CNL0KHWCSC https://t.co/USfE0ziFUz
(0.0, 0.0)
Just posted a photo @ Red Man Cucina https://t.co/WGh0RgtJBY
(6.5800000000000001, 4.5999999999999996)
I don't think the driver is happy about this (@ Red Man Cucina) https://t.co/i5IR5Lx3y7 https://t.co/z8JoCDJQJJ
(7.3070026069110874, 4.377079946369931)
Ready for walk to Red Man Cucina (@ Battery Recharge Place in Dianella, Western Australia) https://t.co/r0dK8rKNUf
(6.7699999999999996, 3.2400000000000002)
Generation Invisible https://t.co/gOTXg0nzxk via @TheShawnMurphy
(0.0, 0.0)
#SocialLeader Chat: Do You Know the Difference Between a Leader and a Bureaucrat? https://t.co/7sYWhNQFGm via @TheShawnMurphy
(0.0, 0.0)
I'm at The Inglewood Hotel in Inglewood, WA https://t.co/eZ27Ocvfpf https://t.co/nnefWIgJFm
(0.0, 0.0)
https://t.co/WORgHjBTXZ https://t.co/pEV5oQqBbB
(0.0, 0.0)
Just posted a photo @ Inglewood Hotel https://t.co/gvmV7a1kyn
(6.5800000000000001, 4.5999999999999996)
Digital Security Breaches Impact Employee Trust https://t.co/w4qx2IKD50 via @TheShawnMurphy
(-1.0, 0.0)
What are Human Metrics? Why They are Important? https://t.co/Yzdz13K1PM via @TheShawnMurphy
(2.0, 0.0)
I'm at Battery Recharge Place in Dianella, Western Australia https://t.co/4CS3bQrfjo
(0.0, 0.0)
I'm at Red Man Cucina in Inglewood, Western Australia https://t.co/MauYYmyeib
(0.0, 0.0)
Magical Monday: SEO, Successful Blog, Email List, Branding, Twitter https://t.co/FRv5lHz8n2 via @AdrienneSmith40
(3.0, 0.0)
How to differentiate your blog based on the time you can put into it https://t.co/dt7BDTiamv via @markwschaefer
(5.5213350106276842, 3.5029284368558056)
@ProCopy_Aus Actually at Westpac but they weren't on the app
(0.0, 0.0)
I'm at Malaga Markets in Malaga, WA https://t.co/LGpPNmzzt4
(0.0, 0.0)
Thoughts:  We can do our best and still fail--and it's not our fault. https://t.co/FjkeOJkEDS
(5.1438483126025636, 3.5721688220537446)
The beliefs of others are not your concern--acceptance is. https://t.co/iZLAMsiEH4
(1.0, 0.0)
Thoughts: Some people and situations are harmful--and there's strength in walking away. https://t.co/XsmtSUKkD6
(6.1792361111111118, 4.4624951644100577)
davemalby:
Hell Yeah .. just got a phone call from Jamie from 96.9 The Eagle Sacramento for a VIP invitation to their 25th... https://t.co/zfp0Gpt8kp
(6.5110192230952348, 3.8631163518714247)
#CustomerAppreciation .. Thank you Price Waterhouse Coopers .. (A user of my compiled Zip Code Data) https://t.co/Ka1gCD9aVT
(3.6699999999999999, 3.21)
https://t.co/sZW5F0pyFO
(0.0, 0.0)
For the Selfie-Can tm .. it makes the difference .. #JustHaveFun https://t.co/OHTYn7o7s9
(4.8900000000000006, 3.1499999999999999)
Selfie-Can's will be seen soon on thousands of Beer Cans! #JustHaveFun
(5.7954037267080754, 3.1504794520547943)
Dave Malby's Daily #Music Digest is out! https://t.co/He8huI67bt
(0.0, 0.0)
Follow Friday Journal #FF is out! https://t.co/LcpT6B4500 Stories via @PLANETNAD @FiftyVids @littlemacpoopo
(0.0, 0.0)
Dave Malby's #Photography Digest is out! https://t.co/zFYXMqb7fm
(0.0, 0.0)
Cell Phone and Tablet Mounts on #Craigslist in #Sacramento https://t.co/ix2ulWmvKt
(0.0, 0.0)
RT @CamStand: #Sacramento #Craigslist #SteamPunk Desk Lamp https://t.co/KKKUxjFXjN https://t.co/fLibC9NNtS
(0.0, 0.0)
https://t.co/nGkPn2I6fB
(0.0, 0.0)
Dave Malby's Daily #Music Digest is out! https://t.co/y2CAi744HR
(0.0, 0.0)
#Sacramento #Craigslist CamStand ® 5 HD Heavy Duty Camera Stand - Tripod https://t.co/215YSQdvDR
(0.0, 0.0)
#Sacramento #Craigslist Cell Phone Holder - StashJar - $12 https://t.co/6a8MNZHpYr
(0.0, 0.0)
#Sacramento #Craigslist #SteamPunk Desk Lamp https://t.co/gFNfPDMLwY
(0.0, 0.0)
#Sacramento #Craigslist CamStand ® Mini #CamStand for your Cell Phone! https://t.co/v7HphFdWIv
(0.0, 0.0)
#Sacramento #Craigslist Heavy Duty Suction Tablet Mount #CamStand https://t.co/RbdZ3Yrv6Q
(0.0, 0.0)
#Sacramento #Craigslist TabCup - Tablet Mounting System  https://t.co/lJnJu9nFhx #CamStand
(0.0, 0.0)
#Sacramento #Craigslist Cell Phone / Go Pro Mount Stash Jar #GoPro Compatible  #CamStand https://t.co/T4yUNa0Z4W
(0.0, 0.0)
#Sacramento #Craigslist "TabJar" - Tablet Mounting System for Your Car!  #CamStand https://t.co/EI5bOFsZjU
(0.0, 0.0)
radioblogger:
@jimsciutto no, it was a nod to dodger blue and giant orange, the two New York teams that left to go west.
(5.8041537444845792, 3.8503407059857242)
today: @PhilipRucker, @DavidMDrucker, @donlemon, @jameshohmann, @ShaneGoldmacher, @SenTomCotton, @TheDCVince, @DanaPerino, @JimTalent.
(0.0, 0.0)
@madsenc we know. salem HQ interweb blew a sprocket. they know it and are trying to fix as we speak.
(6.4423851921274604, 3.5399386110755859)
@ConservativeLA I thought you dreamed of Jeanie. or was that Jeanie holding a six-pack?
(6.7599999999999998, 4.1600000000000001)
@bubbydean I wish I could take the rap this time, but I genuinely have no idea what broke this time, or where it broke. they're working it.
(5.9170071264937842, 3.8896687682253628)
@thehets power is fine. it's not actually our fault this time. something's up at salem interweb HQ this time. they are trying to fix.
(5.5718950078912313, 3.9437593122292456)
@talkradio200 @ConservativeLA I'm trying a salvage. all is not lost. aftershows are like Hillary's emails. they're out there somewhere.
(4.8048461078476201, 4.6852109826769501)
@ConservativeLA all the while trying to stick the dismount for a show no one will likely hear outside of 100.
(5.8706269032873015, 3.5618408283184948)
@ConservativeLA I was too busy realizing that I wasn't recording the afterwebs and was mentally yelling at the other side of my head.
(5.4437508815412397, 3.7698977314572759)
@ConservativeLA yes, you can. I just didn't see it.
(6.3417834394904444, 3.4884085510688836)
@ConservativeLA just saw this. perfect promo would have been Middle Eastbound and Down.
(5.8253803847929841, 4.0288222618600722)
@goldhat_lou you can be easily. https://t.co/1pbRXRb06C is ultra cheap, and you get a fine hangout on weekends with other conservatives.
(6.0854689230059646, 3.7946470543859045)
And yet David Petraeus faced criminal prosecution/fine/end of career for sharing intel with his biographer/mistress. https://t.co/nMu70I0Rvj
(3.1900000000000008, 4.3618199608610571)
today: @CarlyFiorina, @Jim_Jordan, @DavidMDrucker, @JohnKasich, @chucktodd, @realBobWoodward, Larry Arnn, @tarzanajoe, Aftershow w/@Lileks
(0.0, 0.0)
The best political move that could be made now? Marco Rubio sends Hillary Clinton a bottle of water with his picture on it.
(5.7223156592402979, 3.6170440009315943)
Hillary now is choking up, literally. She's clutching water desperately. I'm sure the left will treat her like they treated Marco Rubio?
(6.6801614631819168, 3.8329736620252812)
HRC just perjured herself on classified emails on her server. She changed her story, has been directly contradicted.
(6.2273756360371131, 3.9411944110117982)
So HRC maintains the video had a role to play in Benghazi? So she lied to Chelsea and the Egyptians? Huh. Wonder if Chelsea is mad?
(5.3425858830852437, 4.6497105190848913)
@ConservativeLA yes, and I hope they bring a cot.
(6.1491065444445887, 4.1554108834545058)
today: @realDonaldTrump, @GrahamBlog, @EJDionne, @MarkSteynOnline, @Lileks, @marcorubio, @RepDeSantis, @jonathanalter &amp; the Aftershow.
(0.0, 0.0)
barefoot_exec:
RT @DeniseNLaRosa: Tune in on 11/11 at 10am EST to hear @barefoot_exec  on #motherhood and being a #mompreneur http://t.co/KwZq4EXAgk
(6.6799999999999997, 3.6200000000000001)
RT @lifetosuccess: やばいエッチとは http://t.co/twv5UT91j9 - @barefoot_exec
(0.0, 0.0)
RT @lifetosuccess: 出会うためには努力も必要 http://t.co/LXESgGSgav - @barefoot_exec
(0.0, 0.0)
RT @EnMastBusiness: Top 5 ways to get ppl to OPEN your emails! | Guests: @barefoot_exec and @te_entrepreneur http://t.co/wNCmJi6ErZ http://…
(6.0899999999999999, 3.6700000000000004)
Remember - this is an auto-feed...for Carrie's 'live' tweets -- check out @CarrieWilkerson
(6.5499999999999989, 3.3800000000000003)
@lifetosuccess OOPS - u have twitterfeed set to RT http://t.co/pXfGoGDjp9 - that's chgd to http://t.co/7SsWFF6a0A - you're RT foreign lang
(5.2601959876287987, 3.8801319099460936)
@WealthClubCoach OOPS - your twitterfeed set to RT http://t.co/pXfGoGDjp9 - that's chgd to http://t.co/7SsWFF6a0A - you're RT foreign lang
(5.1030084745762716, 4.074269911504425)
@ryaneyip OOPS - u have twitterfeed set to RT http://t.co/pXfGoGDjp9 - that's chgd to http://t.co/7SsWFF6a0A - you're RT foreign language
(5.4936955242050791, 3.8345634715323524)
@KimDeYoung OOPS - u have twitterfeed set to RT http://t.co/pXfGoGDjp9 - that's chgd to http://t.co/7SsWFF6a0A - you're RT foreign language
(5.4936955242050791, 3.8345634715323524)
You've got to read and share this! When a star gets social media right! #dwts  http://t.co/20bE8twP
(6.8177289495944517, 4.4682913695108333)
Remember - this is an auto-feed...for Carrie's 'live' tweets -- check out @CarrieWilkerson
(6.5499999999999989, 3.3800000000000003)
Dallas/Fort Worth == attend a red carpet movie premier & help a 2 yo battling cancer! http://t.co/kqjupYzT via @carriewilkerson (RT pls)
(5.532551068196736, 4.1087207638208136)
My 7yo is in the Jump Rope for Heart Challenge. Please consider a Valentine donation. Every $5 makes a difference! http://t.co/LcA19Yrj
(6.2523158292406507, 3.2560360446072401)
@jonesbororunner fyi Naked Juice is owned by Pepsi. Thought you'd like that ;)
(6.9310091743119262, 4.4834879406307984)
@BerniXiong @BerniHair awwww love #ktco w @chrisbrogan @joesorge
(8.0, 5.3600000000000003)
@StuMcLaren @PerryMarshall how exciting a new baby!! wahoo :) am campaigning for more adoptions here too :)
(7.5361290106504137, 5.6946782982077098)
I am currently tweeting from @barefoot_exec but about to move my account here ;)
(5.1858501440922193, 4.0019433198380563)
mike_wesely:
COMCAST had my vote for the worst company of all times. Worst Customer Support!  Who agrees?
(5.6231025845383131, 3.80232880968842)
Spent several hours on phone with Comcast trying to fix an over-billing. 5 X they promised to remove but haven't.  Disconected over 20 X :(
(5.3398797303845988, 3.3658138367305956)
Great Service - Receive $ for $.25 per transaction.  We both get $10 in transaction fee credits when using this link: http://t.co/uiCp2Uelsm
(5.0881810068579307, 3.6733044987028589)
The anti-aging secret celebrities use? http://t.co/WdSJtbUr …
(5.2424999999999997, 4.1620588235294118)
Is this the anti-aging secret celebrities use??? http://t.co/WdSJtbUr …
(5.2424999999999997, 4.1620588235294118)
Is this the anti-aging secret celebrities use??
http://t.co/WdSJtbUr
(5.2424999999999997, 4.1620588235294118)
"Fighting Kids Type 1 #Diabetes" 60% goes for research 40% for promotion and production http://t.co/okviROyi
(6.5227842533538594, 4.9070161018661995)
Activate #Instant #Confidence Anywhere, Anytime! http://t.co/TQZPyxap
(2.0, 0.0)
#INTERESTING How to "WAKE UP" inside your dreams http://t.co/DzalOjJN
(3.0, 0.0)
"Fighting Kids Type 1 Diabetes" 60% goes for research 40% for promotion and production http://t.co/okviROyi …
(6.5227842533538594, 4.9070161018661995)
#INTERESTING How to "Wake Up" inside your dreams http://t.co/DzalOjJN
(3.0, 0.0)
Support book "Fighting Kids Type 1 Diabetes" 60% goes for research 40% for promotion and production http://t.co/okviROyi …
(6.6635164867935108, 4.4481062147532615)
Activate Instant #Confidence  Anywhere, Anytime! http://t.co/TQZPyxap
(2.0, 0.0)
Support book "Fighting Kids Type 1 Diabetes" 60% will go for research 40% for promotion and production
http://t.co/okviROyi
(6.371618374161625, 4.2183733035192583)
Activate Instant #Confidence ... Anywhere... Anytime!!! http://t.co/RykL39OT
(2.0, 0.0)
#INTERESTING How to "Wake Up" inside your #dreams http://t.co/DzalOjJN
(3.0, 0.0)
Activate Instant #Confidence * Anywhere, Anytime!! http://t.co/TQZPyxap
(2.0, 0.0)
How to "Wake Up" inside your dreams http://t.co/DzalOjJN
(1.0, 0.0)
Everything You always wanted to know about CHIHUAHUAS http://t.co/KkeX1TDa
(6.8200000000000003, 3.2400000000000002)
How to "Wake Up"  inside your #dreams http://t.co/DzalOjJN
(1.0, 0.0)
ggw_bach:
Metatrons Art Gallery http://metatronsartgallery.com/
(0.0, 0.0)
@RobVarak ha!  such is the modern workplace ... treat us like bots!  want to get away from it ... strike it out on my own.  Only way 2 live.
(6.2314093478145534, 4.4317109470643459)
@Scratch5150 yes indeed!  hold that thought in mind ... and good things will result :-)  peace.
(6.7010810057793222, 4.1897816874242197)
@whoissuresh used to practice piano so many hours a day ... glad I've left that behind!  skilled keyboarding is not for me :-)
(6.6884671070964155, 3.5956489889975307)
@abdulkarim :-)  the Total Master!  peace and blessings friend!  --ggw
(7.3890977443609023, 4.4673626373626378)
@virtuallyassist you too!  take care  :-)  got some baseball lined up for the next few days &lt;grin&gt;.  Heaven!!
(6.2009671938837432, 3.4002707936962557)
@BanTshirts cheers for the shoutout dude!  --ggw
(5.9100000000000001, 3.8100000000000001)
@phineas_girl :-)
(0.0, 0.0)
@GlobalNetworker 3.  Malaysia, HK, France.  Not well travelled :-)
(0.0, 0.0)
@abdulkarim wow.  interest is still strong I guess.  I've got a collected #1's set ... very good!
(6.2256916143634751, 3.9836872636576772)
@CamMaster thanks!
(7.7300000000000004, 4.0499999999999998)
@Photograndma haha ... don't own a refrigerator!  all natural foods ... and weight will never be an issue ;-)
(5.3642126015488021, 3.6154483046712231)
@SquidzrEZ let your emotions run free ... although its been a while since I've seen a film that moved me that much.  Docos do the trick tho
(6.2675723707401909, 4.250050874419161)
@EMarketingGuru :-)  peace and blessings!  --ggw
(7.75, 4.6500000000000004)
@xrayyoursoul1 haha!  so you're here too!  :-)  coolness ... until later!
(3.0, 0.0)
getting back into Google Reader of late ... not sure why. Information needs fluctuate over time. Even read a newspaper the other day lol!
(5.3337973916114478, 3.4854310880023398)
timing is everything in life
(6.0433164556962025, 4.4689285714285711)
@saadhu the way these animals are treated .... from birth onwards.  Truly like slaves.  This was an eye opener for a Westerner like me.
(6.6120108172328651, 3.9665112063547516)
watched a heart-breaking vid of elephant mistreatment and abuse.  http://is.gd/1liVn those cool self-portaits?  not what you think ...
(4.7817668684577574, 4.4311226240005368)
@bessiemc such is life ... always backed up ... everyone headed in the same direction!  there much be other ways!  :-)
(5.8466072068875716, 3.9057241647862018)
rockingjude:
Just a test post
(4.7383900928792571, 3.88962962962963)
@ArizonaCowboy46  ;)
(0.0, 0.0)
@erikcecil xoxo~amen~
(3.0, 0.0)
http://t.co/LaUDt4RR6o
(0.0, 0.0)
http://t.co/klhxaeHIfD
(0.0, 0.0)
Party tipi~ http://t.co/iQ5xHt4lu4
(0.0, 0.0)
@michaeldcarney @autumkat @S_shine57 @ctsbeeda @2111015 @cmortolani @ems56rn @BigDon62 @Tundraeyes ~dollar collapsing~stay tuned~.
(-2.0, 0.0)
@OneVeritas @1anobody ~the dollar is collapsing~ stay tuned~VIP
(6.7907936507936499, 4.1120000000000001)
RT @gerfingerpoken2: @rockingjude 159- Southern Command #USMC General Calls Obama #Border Crisis An Existential Threat http://t.co/lNxgHDyp…
(-5.0, 0.0)
RT @MalloryOnTravel: The finishing point of the interesting Forbidden Vancouver Prohibition tour #ExploreBC… http://t.co/0qXnJysvpY
(5.9108392914586947, 4.5536214608156653)
@shelms06 @Chantified @TheJanSimpson @ZnaTrainer @dmbrown111 @RainerGS ~the dollar is collapsing...more to come~xo
(7.3899999999999997, 5.5700000000000003)
RT @kanchibhatta: @rockingjude #Fundraiser for #Education http://t.co/IW8gpxFBDj … via @gofundme Please support and RT
(6.8900000000000006, 3.0500000000000003)
RT @leechesfilm: @rockingjude Bit by bit, we can make this film. Share, Like, Contribute  http://t.co/cQy73YIS30
(5.9556461616208018, 3.6469051328974431)
RT @gerfingerpoken2: @rockingjude 159- Rick @GovernorPerry Right -  Border Flood Due To Obama's Incompetence Or Intention http://t.co/mCJxr…
(-2.0, 0.0)
@Daggy1 hey buddy~ I'm doing well and about to come online again because the dollar is collapsing~stay tuned. :)
(6.4360288808664254, 4.4253459119496856)
~the dollar is collapsing~
(7.3899999999999997, 5.5700000000000003)
Cucumber, Red Onion and Dill Shaved Salad http://t.co/PosfdLWyMl via @WilliamsSonoma
(0.0, 0.0)
@randy_man_74 TY~
(0.0, 0.0)
~paradise revisited~ http://t.co/tiXbGSeoni
(3.0, 0.0)
RT @CosmUnity: @rockingjude Thanks for Sharing http://t.co/kbUK5rHSeD #Share
(3.0, 0.0)
chrisbrogan:
@JVWilsonMD I support you! I hope that's going well for you.
(7.2196605744125328, 3.9806054279749481)
@DrCanapari - kind of the opposite. :) My place is pretty easy going.
(6.6666431942014857, 3.8574943099338421)
You don't need time management. You need better goal alignment - https://t.co/PTUB0IaQDx
(5.7430751221826695, 3.7363957397347494)
@DrCanapari - I missed harming the tendon sheath by a few nanometers of depth. :)
(5.2532793771130013, 3.8460879443770613)
@DrCanapari - so it turns out. ER it was. Nice suturing ensued. :)
(3.0, 0.0)
@Curtiscoulter5 that's so awesome! Hooray!
(7.8600000000000003, 6.0499999999999998)
@EvanVanDerwerke test me. :)
(4.4400000000000004, 4.2999999999999998)
@LenMacPT Hahahaha! Spot on! Top shelf service. Hmmm. Maybe I'll add a link. Seems fair. Once I'm back from whoever closes this wound.
(5.6859005785880568, 3.3469931155489965)
Health care is broken. But it's an opportunity - https://t.co/af5qqtqAZe
(5.8288580662537024, 4.1561976101067364)
@WarrenWhitlock me too, my friend. Have an extra drink of life on me today.
(6.612735039346668, 4.4090127393385092)
@shelhorowitz being a mass guy, I can't betray my loyalties but they've got a good view here.
(5.9968517824757308, 4.076015413431878)
@sheldonpearce where do you feel like you belong? What magazines do you buy? What gets your money?
(6.4401424498645135, 4.2346970123214156)
I'm forever amazed when people tell me they don't know how to find their passion. Or sad. Or incredulous..
(5.7462270319769262, 4.1967285696087293)
@JRHarshman :)
(0.0, 0.0)
@JZhelpslawfirm beats me. Media page sounds better.
(6.0899999999999999, 3.4500000000000002)
What a value? $7 to learn how to make your blog more relevant? Great work from an Online Course Maker Grad - https://t.co/FwfzRPK2rB
(6.019364557025833, 4.1264495328235071)
Very kind words from @terrybean - https://t.co/9c0tsFT6th
(7.7800000000000002, 3.1899999999999999)
My buddy @dontheideaguy has a cool idea for sales &amp; mktg pros - https://t.co/e07pm9ABgO
(7.1099643841139715, 4.2068517658675351)
The difference between the successful people I know and the unsuccessful people I know are that the successful people fail all the time.
(5.458590969847033, 3.8878307856692538)
@dhrosen - not that. The opposite. InstantKEEPthemic. :)
(4.7699999999999996, 3.4300000000000002)
nytimes:
What China has been building in the South China Sea https://t.co/JYTUe7s6QD https://t.co/UkRH2J05IW
(5.4699999999999998, 3.3500000000000001)
RT @NYTNow: Catch up on the news fast: Your Evening Briefing https://t.co/0utZiKZO4j By email https://t.co/KK3SSYoGlC https://t.co/Mzl6lF5i…
(5.4476065573770489, 4.5555913978494633)
The cryotherapy center where a woman died after trying to give herself a cold-air therapy session has been shut down https://t.co/3n56ZMlkLh
(6.0000639878753184, 3.6519125563437225)
RT @NYTSports: The Royals hit an inside-the-park home run on their first swing of the World Series. Tune in to our live blog: https://t.co/…
(6.5945700469218131, 4.534550838417994)
Banishing the gender-specific Halloween costume https://t.co/9DjFBPT75U https://t.co/HcxoNYHafF
(6.0499999999999998, 4.7800000000000002)
Freed prisoners describe life in an ISIS jail, where they were forced to watch beheadings https://t.co/xVptD0ZUGW
https://t.co/tGtofMIHMm
(4.8453237742830719, 3.960341693924553)
Republican Party divisions are clear according to a new poll https://t.co/UBRGC9mLa0 https://t.co/O6iNJ4KdWr
(6.2689514621301852, 3.7981367000435351)
Walmart stopped selling a big prosthetic nose, described in its online Halloween shop as “perfect for an Arab Sheik" https://t.co/fWvEs56dk5
(5.3082491654835362, 3.8562814979211759)
Game 1 of the World Series is set to start soon. Catch all the action live as the Mets face the Royals. https://t.co/51jIx7BuS3
(6.3042974808124193, 4.5717080322875026)
A new musical inspired by George Takei’s memories of life in an internment camp https://t.co/vBS0Nu2Aup https://t.co/ueBNDdn93C
(7.2392000166947508, 5.0290138966862372)
Former prisoners describe life in an ISIS jail, where they were forced to watch videos of beheadings https://t.co/xVptD0IjPo
(4.8453237742830719, 3.960341693924553)
Meet Luke Gasparre, a Mets usher since 1964. “Just have hope, and someday we’ll pull through,” he used to say. https://t.co/XBoOg85QeE
(6.0377123882429409, 4.2068226042078933)
RT @nytimesphoto: Five Kurdish Iraqi photographers documented the effects of displacement https://t.co/H5EUskzW6u https://t.co/lxSfOgX56Q
(3.6800000000000006, 3.8599999999999999)
RT @nytopinion: On Jan. 1, Medicare will begin reimbursing doctors for time spent talking to patients about their end-of-life wishes https:…
(5.7576791808873722, 3.0337197662585367)
Ben Carson has overtaken Donald Trump as Republicans’ choice of presidential nominee, a new poll finds  https://t.co/4IDqGGH1cA
(5.8495233194918583, 4.1931696620237124)
The S.C. police officer who flipped a girl out of her desk got mixed reviews from students https://t.co/MI3A0Eyv76 https://t.co/qs2SJGBPoU
(5.6560190784759143, 4.2684116597323731)
RT @nytpolitics: Deeply divided Republican electorate drifts toward Ben Carson, poll shows https://t.co/rkDfxOjBzn https://t.co/XOqU1xdxep
(4.6299999999999999, 4.1399999999999997)
In Cuba, there's an abundance of love but a lack of babies https://t.co/PExu79xGAS https://t.co/TFLdIlTbbo
(6.0968178225647094, 3.4737510179153097)
RT @NYTSports: What's a soccer fan to do in England? Watch the MLS, of course. https://t.co/jQR9dMTep0 https://t.co/RQHeEv04OA
(5.9810214168039542, 3.965358324145535)
RT @NYTFashion: Photos of Selena Gomez, Kim Kardashian, Miranda Kerr and more at the @InStyle Awards.  https://t.co/iL9udiawU8 https://t.co…
(3.0, 0.0)
guykawasaki:
Drummer takes you on a chronological, musical tour of the Beatles [video] https://t.co/y4e3AGG0Em https://t.co/3ap5XCK588
(7.1245901639344256, 5.2280890538033393)
A kick so powerful it can stop a human heart [video] https://t.co/h94SV1Aplr https://t.co/DagvfwLds6
(5.8803134864325486, 4.3319047503663661)
Japanese Rube Goldberg tells a story [video] https://t.co/tm6nn0YoSY https://t.co/N4NUGdbioi
(7.2699999999999996, 3.52)
21 totes adorbs costumes from NYC’s Halloween Dog Parade [video] https://t.co/32jHrcPBVJ https://t.co/Kgrq89iL91
(0.0, 0.0)
Instagram Images: How to Stand Out on #Instagram w/ @PegFitzpatrick https://t.co/Ivurk2cV8n via @SMExaminer https://t.co/sy7lIzKuoU
(0.0, 0.0)
Discover how adults can grow new neurons [video] https://t.co/EDBiXpzY8K https://t.co/XCfrJfjZdR
(6.8928322681872105, 3.4137019494732836)
How to say “Netflix and chill” in different Asian countries [video] https://t.co/STfjhfWRMO https://t.co/7MPFEQwgju
(5.910000000000001, 4.175641025641025)
Overweight internet troll hassles bodybuilding forum, ends up changing his life [video] https://t.co/Nsu0fBMEB7 https://t.co/A4vHYw36wP
(5.7012169570201108, 5.0096450359072797)
How to clean and re-season a cast iron skillet [video] https://t.co/omz1UPGh4j https://t.co/UpJRPtBOMU
(5.783036523593708, 3.4064929237007355)
25 Social Media Tools Reviewed [INFOGRAPHIC] - https://t.co/x44xq7UvkU
(0.0, 0.0)
The most ridiculously complex football catch of the season [video] https://t.co/KzHE1iakgG https://t.co/obQRDAS7ja
(5.8420001887179946, 4.2113884954249317)
The Swedish Army drum corps is almost robotically coordinated [video] https://t.co/o1vUevcw3K https://t.co/em3cdw21a2
(5.2842307692307697, 4.0418279569892466)
What successful business leaders eat for breakfast [infographic] https://t.co/vIU7iLTHrz https://t.co/fLKAUt2DtI
(6.9414005081879893, 4.4861307522699629)
A primer on muscle fibers for the fitness challenged [video] https://t.co/G2Qe1OqLsR https://t.co/GgaVmRvTJ0
(5.9773196950127083, 4.7529137653990352)
5 Lessons Learned in the First Year of a Startup https://t.co/a3XHKJNMMf
(0.0, 0.0)
Dog gets super excited watching Disney’s “Bolt” [video] https://t.co/O2G3zHS5WQ
(7.7358823529411751, 5.3291650099403576)
What might humanity look like in 1000 years? [video] https://t.co/7vgYLsUy7e https://t.co/3Ljx4LNxFn
(6.7560909935004636, 4.1899519789599751)
2 cats talk to each other [video] https://t.co/7blhXGYMTB https://t.co/EMknSmcKzJ
(6.0797602739726022, 3.4299999999999997)
Buried babies bolster argument of settlement on land of Bering Strait https://t.co/0jIEUVPGHY https://t.co/sg3yK8Vt4w
(4.7989622434820713, 3.8163001145475368)
Debate before you procreate: Having a baby vs. having a cat [comic] https://t.co/h69cHoxfZe https://t.co/SRZ8BmJYY0
(6.2947690704188641, 4.7179187345074336)
wossy:
RT @JonathanRShow: To celebrate 100th episode of #TheJonathanRossShow on Saturday. Here's were it all started, https://t.co/vyiXXQevzS. htt…
(6.5354063604240276, 5.3838942307692301)
Getting ready for Halloween! https://t.co/YXWAOkzUuD
(6.6399999999999997, 3.8999999999999999)
RT @Divine_Miss_Em: I got a selfie with Panda from @TrentParkEC today - he's basically the equine Harry Styles https://t.co/biQLueAQhn
(0.0, 0.0)
RT @frankieboyle: How heartbreak led Graham and Helen Linehan to campaign for abortion in Ireland | World news | The Guardian https://t.co/…
(3.6833324433236916, 4.8346865952640492)
RT @deanfluence: When your Halloween costume is on point 👌🐱🎃💀 https://t.co/aeYABhug89
(5.6442307692307692, 4.323032967032967)
Just arrived at #tulleysfarm for #Shocktober !! Fun times !
(5.9100000000000001, 3.1899999999999999)
RT @JonathanRShow: The Jonathan Ross Show returns tonight on @ITV at 10:15pm with @RealSirTomJones, Paul Whitehouse &amp; Harry Enfield. http:/…
(0.0, 0.0)
RT @TheBizzNiz: Tonight @wossy is joined by Tom Jones,Vin Diesel, Jessica Ennis-Hill,Harry Enfield&amp;Paul Whitehouse 10:15pm on @itv http://t…
(0.0, 0.0)
@MarkPrendergast balmain
(0.0, 0.0)
@MsMelanieSykes Sid was very attractive in a Daniel Craig sort of way xx
(6.4602089552238819, 3.6940740740740741)
@caravan_palace @JRossShow can't wait. I'm a big fan. You were spectacular at Wilderness!
(6.1641490223121389, 4.5215830106840622)
@julieellmore wonderful
(7.4100000000000001, 4.5700000000000003)
Amazing Halloween wreath made by my wife!! http://t.co/W7KHPeGFP1
(6.2162051282051278, 3.6353195876288655)
On Ada Lovelace Day, here are seven other pioneering women in tech | Technology | The Guardian http://t.co/9TQ3rEFe8m
(5.3026161916098724, 3.7869065212098882)
RT @ShortList: Is there anything better than a dog riding a bike? http://t.co/sl13gAYT6x
(6.5717241379310352, 4.4762275449101798)
@SarahEliza1 @LostUrchin adorable. Both of them x
(7.4000000000000004, 4.6600000000000001)
@Rubywax this looks great !!
(7.5, 4.1399999999999997)
RT @susanhillwriter: Win a signed copy of my new Complete Ghost Stories. Handsome hardback from @ProfileBooks. Plz RT - question to come. 1…
(6.2658087750164944, 3.8035608756826327)
@amandaortman yes. We love it. GZ on your progress
(7.4245481049562683, 4.3691235059760958)
@sinKEVitch @HypnoComics that's too gorgeous
(7.5700000000000003, 4.9199999999999999)
tyrese4real:
Everyone who can read this..  I'm NO LONGER on this twitter account.. Follow mw on @Tyrese  again. @Tyrese Unfolllow this account. thnx
(5.947913634322604, 3.5589178731961764)
I sent a msg! Call my #SayNow at 818-287-8968 or click http://bit.ly/cZuh5t to hear it
(6.2251090342679127, 3.2131674208144796)
BREAKING NEWS: THis is NO LONGER Tyrese account. Follow him now @Tyrese..  Again follow him @Tyrese .. Thank you!!
(5.0449999999999999, 3.7599999999999989)
New Twitter name for Tyrese is now @Tyrese
(5.6200000000000001, 3.0399999999999996)
alyssa_milano:
Hear Leo Tolstoy Read From His Last Major Work in 4 Languages, 1909 https://t.co/zrKMgY9Yz1  /via @openculture
(0.0, 0.0)
Anyone else excited about seeing #Burnt? Can't wait.
(6.8535294117647059, 4.9016488222698067)
On this day in 1963, JFK delivered his spectacular speech on art and power https://t.co/RwqpCahGp1  /via @brainpicker
(6.5194498638086218, 4.7866108365313913)
RT @heykim: Actress @Alyssa_Milano Talks @SproutChannel Network's Mom-Bassador, Kindness Counts Debut! https://t.co/hTJfgSadWt h/t @AlyssaD…
(2.0, 0.0)
WHO releases report detailing the link between eating meat and cancer: https://t.co/rlIaZ7LfPQ https://t.co/NXOffLnDjW /via @WNTonight
(4.9074129854656645, 3.971758535388481)
@KristaVernoff she's back on today! She's nursed 3 times already. Phew.
(5.3925000000000001, 2.88027027027027)
@KOR_RAGEOUS ox
(4.9500000000000002, 3.8200000000000003)
@SashaPoint7 almost 14 months.
(0.0, 0.0)
@christinaaa_95 Yes. He was nine months. She's almost 14 months.
(5.0999999999999996, 3.8300000000000005)
I think Elizabella is starting to self wean. It's killing me. 😞
(5.0787638246337998, 4.5792407823075241)
RT @BernieSanders: We have to ask ourselves, “Is it morally acceptable, is it economically sustainable, that so few have so much while so m…
(6.0900834644591919, 3.5399063728855884)
No child should suffer from a vaccine-preventable disease. Help us #endpolio for good: https://t.co/vXsdJjsk5c @EndPolioNow @UNICEF
(4.3651993983441155, 4.7754279372702619)
BREAKING: Patricia now ‘potentially catastrophic’ Category 5 hurricane as it heads toward Mexico. /via @AP
(3.1600000000000001, 5.75)
NASA discovers faraway world being destroyed by real-life 'death star': https://t.co/bPOIeyhvtR https://t.co/GFkBq7YqBr /via @ABC @heykim
(5.6682521489971345, 3.9889010989010987)
@Steph78480 Happy Birthday!
(3.0, 0.0)
RT @AtkinsInsider: Mark your calendars for tomorrow at 12 noon MST. @Alyssa_Milano will be on our Facebook to chat with you! #Atkins https:…
(5.6998473949474935, 3.3165004523199926)
RT @SportsBizMiss: NEW DEAL: @touchbyam teams with @NFLPA for customizable tops and hoodies with a current player's name &amp; number https://t…
(5.5752857397187112, 3.2677068507861122)
RT @NFLPlayersInc: New deal w/Touch by Alyssa Milano allows fans to create custom player apparel @forbes https://t.co/t5oCNZDeOZ https://t.…
(6.2648393366775457, 4.8142410341147608)
#Hacktivist V2 #4 now available comixology.  Link in bio. https://t.co/ZOsv4GqvoH
(6.1247750865051902, 3.5160563380281693)
Sesame Street Introduces Its First Autistic Character https://t.co/vMQZ9THZDU https://t.co/zdObEExdpU /via @BuzzFeed
(0.0, 0.0)
schofe:
@Tootmenot on my way 😂
(5.9100000000000001, 2.8999999999999999)
Now I'm having a pasty 😍 #Newquay
(3.9400000000000004, 3.3900000000000001)
Just watched #Spectre at @WTW_Newquay .. Lovely cinema. Thought it was a good Bond, not a great Bond, tough to beat Skyfall
(6.3456343883609856, 4.8210675476762495)
@ArtOfJimjitsu I thought it was good, but not great
(7.4307062727129081, 3.9973756831779634)
@ArtOfJimjitsu what did you think? 😏
(6.6799999999999997, 3.7500000000000004)
@Rylan I'm impressed!
(6.6600000000000001, 4.9000000000000004)
Watergate at Sunset https://t.co/BbW2qlf2QO
(0.0, 0.0)
@Eleffcee thanks
(7.7300000000000004, 4.0499999999999998)
@itvwestcountry having a great holiday 😊
(7.3018064516129018, 4.519482142857143)
@JonoG1 I'm so thrilled with it, thank you so much. Loved meeting everyone 😊
(6.0695505617977528, 3.5299544419134397)
@BrydieBruce @JonoG1 Love that!! 😊
(3.0, 0.0)
Very happy to have played a small part in the restoration of #HuersHut #childhoodmemories #Newquay https://t.co/ro38isjeFS
(6.2127525087896309, 3.9940302299714565)
@kev_mcm hi Yvonne x
(0.0, 0.0)
Closed today or I'd have been in like a shot! 😏 https://t.co/L9eziSKrAl
(5.4653049251542267, 4.7377511757161175)
@CaradonPolice thank you 😊
(7.7699999999999996, 3.3299999999999996)
Surf's up in Newquay @ Fistral Beach, Newquay https://t.co/yf94jYOkSZ
(0.0, 0.0)
Great to see you Craig... that Bailey's cheesecake was magnificent ☺️ https://t.co/HzmoeKOtX2
(6.9659336571111616, 3.9554644526387492)
@GBRChris_A only on Twitter could someone find a comedy loophole.. #HappyMoaning 😂
(6.5357813750403633, 4.8625912890453149)
Out for a walk in Newquay.. Just popping into Boots for some sun cream 😬 @ Newquay Sea Front https://t.co/nJRfLXp0jV
(6.7530062566763318, 3.8428374401940748)
We're very happy &amp; he was glorious! Not sure anyone can make me laugh as much as @McInTweet https://t.co/mWUwmelurl
(7.0505553429119852, 4.6398733844450408)
agent_m:
Reminder: if you're looking for Agent M, go to @AgentM. This is an old, sad, unused account. All the cool new @Marvel stuff is with @AgentM.
(5.1583259204186671, 3.8723943491603725)
@atomic777 Thanks! Please note my username changed. No underscore!
(5.7800000000000002, 3.3300000000000005)
@verbality @JustJon @hassansalman @cosmicbooknews @weningmbee @Justin__Snyder Please note, I'm now using @AgentM. No underscore!
(5.7800000000000002, 3.3300000000000005)
@777damm @DeathMetalHero @BerriePelser @DJFrankieee @JulianSpillane @mansaodoforro  Please note, I'm now using @AgentM. No underscore!
(5.7800000000000002, 3.3300000000000005)
@ceciliajonatic2 @hmcknight @Comic_fiend  @12StarsMedia  @CycologyBikes  @RChristinaO_34 Please note, I'm now using @AgentM. No underscore!
(5.7800000000000002, 3.3300000000000005)
@NewMutant @spellingwitch @orvilleredsux @globalsocialm2 @geoff_deweaver  @cc008 Please note, I'm now using @AgentM. No underscore!
(5.7800000000000002, 3.3300000000000005)
@thejayfaulkner I have both names but sticking to the new one for most stuff! :)
(6.405006066198669, 3.6058315156658045)
@Mikki2222 @Jkop_girl @quinntaggart @bridgecrewdave @girl_onthego FYI, guys, I'm now @AgentM with no underscore!
(-1.0, 0.0)
@MightyMarvel yaburnt
(0.0, 0.0)
Heads up! My official twitter has been changed to @AgentM. No more underscore! I still have _M, but that's just so no one steals it!
(5.8917810299238154, 3.368298988864713)
estelledarlings:
Yes. 👑 https://t.co/l9Dcfapx4M
(1.0, 0.0)
.... 🖐🏾🖐🏾 https://t.co/dWtVAHgyDE
(0.0, 0.0)
Fifth Element Naked. By @naominailsnyc 💅🏾 https://t.co/iegnK3sPPq
(0.0, 0.0)
...Between #SugarBabies and #springvalleyhighschool both continents appear to be grossly failing our kids.
(5.6968085106382986, 4.0725177786656017)
RT @deray: .@cher, ✊🏾.
(0.0, 0.0)
Sometimes. And remember: All for a reason....and a reason for all. Onwards. https://t.co/1UgKV0halU
(6.351243781094527, 3.261703577512777)
Wild.
(0.0, 0.0)
RT @octaviaspencer: i can't unsee what i just saw. #AssaultAtSpringValleyHigh
(4.1600000000000001, 4.1799999999999997)
RT @jfreewright: Student "told she was under arrest for disturbing school." This the Soviet f'ing Union?! #AssaultAtSpringValleyHigh https:…
(3.1394064977896292, 5.7149930896439978)
RT @LittleRedCactus: As a teacher there is no reason to ever be physically violent to a child. Ever. No excuses #AssaultAtSpringValleyHigh
(5.8679767585825102, 4.1897074315841936)
RT @peterdaou: Top trend is #AssaultAtSpringValleyHigh. The video of a muscular cop body-slamming a sitting girl is a sick example of abusi…
(5.2867298655043333, 4.5931275361051407)
#moma late post.... Kara walker. I adore her art. https://t.co/JwQLnyRVMY
(5.4754588447246935, 4.8504677032123036)
Tea talks last Thursday, apt for a Monday! https://t.co/6EnIUdcY0d
(5.6399999999999997, 4.0499999999999998)
This week's Edict. Happy Monday. 💪🏾💪🏾💪🏾 https://t.co/fLjjjRBYaB
(3.0, 0.0)
RT @lashstuble: I'm listening to "Fall In Love (Feat John Legend)" by @EstelleDarlings on Pandora #pandora https://t.co/1QdQSNr3Fo
(3.0, 0.0)
RT @CamberCom: Working and listening to the amazing voice of @EstelleDarlings It's nice 2 listen 2 Garnet's voice even on hiatus #StevenUni…
(6.7362594270309861, 3.9179302898685009)
RT @LiveCivil: 15 times our FLOTUS, Michelle Obama served us the style &amp; grace we needed: https://t.co/9vt6Ml2Bh9 https://t.co/HbuT5eEygC
(6.3063302752293575, 3.7617834394904457)
RT @_NealeDWalsch: Rest easy and be at peace. Life is working its magic even as you take your very next breath.
(6.6684895943787641, 4.022590737072643)
Walter Blunt. Awesome series! Bravo
(5.2300000000000004, 3.6200000000000001)
I think he made history today... Matching his hero #Senna #lewishamilton 👌🏾👌🏾 #Uk
(6.7406518144549787, 4.3575549146735479)
time:
Catch up with the top news of the day by subscribing to The Brief https://t.co/dYAGa4S9Qx
(5.7549667341625677, 4.1872793053545578)
Richard Gere responds to viral "homeless" photo https://t.co/FkYcfWlncx https://t.co/t3WPZoRsMH
(4.1550624852629099, 4.8222243793844317)
A big change is coming to elevators, and it matters more than you think https://t.co/ZVKhmVNRFj
(5.8392837870724046, 4.0373822397706416)
Taco Bell will give everyone free breakfast if a base is stolen during the World Series https://t.co/L4xASLktJ9
(6.9478178640848363, 4.0777291594221623)
Latino Republicans write off Donald Trump, send a warning to Ted Cruz https://t.co/ma2U9vpPjy
(5.345661459224015, 4.4286694312723522)
See the La Sagrada Familia church finally near completion after over 100 years of work https://t.co/bnerOVYao3 https://t.co/pelR3zowLC
(5.96425861309665, 4.0704956550228566)
This map shows where people do and don't like to be touched https://t.co/rre2lMccGT
(6.1840803289952877, 3.8334250924508968)
The science behind how bacon causes cancer https://t.co/sx5eP3XRLs https://t.co/PW1KXX23SW
(5.3563638156467537, 4.8721571462562006)
The science behind how bacon causes cancer https://t.co/Bd79moztGD https://t.co/utnSjO7cLB
(5.3563638156467537, 4.8721571462562006)
Walgreens will buy its smaller rival Rite Aid https://t.co/LYY6yD1xke
(5.4132351609724916, 3.9386008207319128)
See Taylor Swift turn 'Out of the Woods' into a stripped-down ballad https://t.co/1HPobnIqR8
(5.7736129032258061, 3.5409574468085103)
Emily Blunt will star in a film adaptation of "The Girl on the Train" https://t.co/d2GhyE3lkv
(6.2711986472945895, 3.8897708298497515)
The Senate passed a cybersecurity bill aimed at hacker threats https://t.co/8jJKP34IBV
(3.6905896805896807, 4.6373600000000001)
Inside the Pentagon's effort to build a killer robot https://t.co/1x6IsMzgAK
(4.9423830676770324, 4.7214583163398229)
Apple breaks earnings record with strong iPhone sales https://t.co/BBVNRPBqwe
(6.3478098666531455, 4.4097337170606794)
The science behind how bacon causes cancer https://t.co/o5FsbYSI63 https://t.co/h3DdZI9aTS
(5.3563638156467537, 4.8721571462562006)
'Suffragette' director: 'You can't change the game unless you're in the game' https://t.co/7V5o9xqMbN
(5.7224784191971212, 4.2815946348733238)
Facebook just got rid of something everyone hated https://t.co/u0TyJtsi6U
(3.6700000000000004, 4.3799999999999999)
@VinceStaples: “Unfortunately hip hop has a habit of copying each other. We pretend to be something we’re not.” https://t.co/LXH8bzYL7K
(5.5426093136534185, 3.9118659255561226)
This university is offering a 'Game of Thrones' course exclusively for book readers https://t.co/rVDixFUn61
(6.9899305555555573, 3.6896638655462182)
craigteich:
2015 SEO Strategy Blueprint - The HOTH http://t.co/Eowxhk8hE3
(0.0, 0.0)
@DuncanWhitehead Sympathy for the Devil - Rolling Stones
(2.0, 0.0)
#Facebook Video Posts Have the Most Organic Reach for brands: http://t.co/BD36NG4qpu @RyMonahan. From @sethstuff
(1.0, 0.0)
RT @TheSharkDaymond: Having dyslexia has been a gift. It taught me about adversity at an early age. Do you have any stories of overcoming d…
(5.9299595615840879, 3.8851169644597889)
@TheSharkDaymond I've not met a soul with dyslexia who doesn't have some talent at near genius level, my daughter included. #Blessings
(6.4524723365668395, 4.3215439923349557)
“@KrisColvin: @CraigTeich Us WITH a kangaroo would be EPIC” I'm scerd of kangaroos. #AnimalsWithPurses
(6.1967586206896543, 3.8153081887390345)
I agree 100% @KrisColvin. But let's pick a really nice random place #SanFrancisco? #Paris? #NewZealand?
(6.2280115270654948, 3.6783056532371643)
Maybe I try #3: 6 great ways to donate your old phone http://t.co/EGF4aCSDNp http://t.co/qXsRq4khsD. From @GuyKawasaki.
(5.8852069955897788, 3.8136220339894082)
RT @CrossFitGames: Dave Castro: "Are you going to redo it?"

@MathewFras: "Nope."
@richfroning: "Nope." 

#CrossFitGames
(4.6799999999999997, 4.8499999999999996)
Just watched #CrossFitOpen 15.1 announcement. Forearms are already sore. Great job @RichFroning.
(4.5708925775133098, 4.1087625175685165)
I'm so busy keeping up with technology I don't have time to think of all the ways technology saves me time.
(5.766642859536014, 3.9539511101311433)
Hey @RyMonahan, check this: 6 myths about IDX debunked http://t.co/Q5M6WJ0yYp
(6.5499999999999989, 3.3800000000000003)
Will they pay this in pennies also? Apple to pay $533 million for gaming patents breach http://t.co/wejUQ9eI7Y  #apple @RyMonahan
(5.8590629211575322, 4.4863629773797173)
RT @RyMonahan: 50 Quotes That’ll Make You a Better Content Marketer http://t.co/JbwfC53RDK
(2.0, 0.0)
Twitter Template for 2015 care of Pauline Cabrera: http://t.co/X5giE5IiqN #Twi http://t.co/Rkqzjm4xKo
(7.6399999999999997, 2.6699999999999999)
From my hometown bud @ChrisReimer: A shoutout for @MARTIN_CASAS from @stenSOUL in his @TEDxArch talk #stl http://t.co/tycotia4He.
(6.7116498316498312, 3.4474734607218687)
RT @RyMonahan: Apple's next big iOS update could get a public beta test first http://t.co/XhO0oPWX1X
(5.7997114298436285, 3.994098000438731)
RT @RyMonahan: "Our industry does not respect tradition. It only respects innovation"- Satya Nadella #SOCIALMEDIA @CraigTeich http://t.co/U…
(6.2098889241510635, 5.0494767478869207)
@KrisColvin Indeed!
(0.0, 0.0)
Great closing of #TCS2015 by @TheSharkDaymond with @RyanDeiss. What'd I learn? Daymond John is damn funny!
(6.2762301956122331, 5.0924299635498027)
judyrey:
RT @TheJewishMuseum: #HBD to pop artist Roy Lichtenstein, born #onthisday in 1923. From the collection, Interior with Chair, 1997 https://t…
(6.3885711090442534, 4.2381646606935925)
RT @Tate: Happy birthday Roy Lichtenstein, born on this day in 1923! https://t.co/7uPWqVYt9l https://t.co/OYUNSi9aHV
(6.6258519674120286, 4.0050317535016182)
RT @hirshhorn: Happy Birthday to Roy Lichtenstein, born #OTD in 1923. His iconic sculpture "Brushstroke" can be seen on the plaza! https://…
(6.4896280730600182, 3.5429223195350614)
RT @Guggenheim: Pop artist #RoyLichtenstein was born this day, 1923. Enjoy "Interior with Mirrored Wall": https://t.co/Q7cQ4bkxgY https://t…
(6.7415509485949503, 3.861348078478235)
RT @crystalbridges: Happy birthday to #RoyLichtenstein, born #onthisday in 1923. "Standing Explosion (Red)" https://t.co/TOf4n8S4ec https:/…
(6.8261702127659571, 4.2368043087971277)
RT @whitneymuseum: "My work isn't about form. It's about seeing." —Roy #Lichtenstein, born today in 1923. https://t.co/gCTIl4rZHC
(5.9088132287055419, 4.031746442432083)
RT @FieldMuseum: Don’t miss out! We have a free day coming up Friday, October 30! 
 https://t.co/SZ0uCUVj8q https://t.co/QWlCnQJlBs
(6.1867200001550202, 4.0070285218054345)
Hi. Happy Terrific Tuesday! Cool &amp; sunny here. Hope wherever you are, whatever you're doing, you're happy, fulfilled &amp; safe.
(8.0471813202525251, 4.9155578380148572)
Me ➡ pillow. Wherever you are, whatever you're doing, I hope you're happy, fulfilled &amp; safe. G'night.
(7.7381399200335661, 4.3574189532439229)
Me
(0.0, 0.0)
Hi. Happy Marvelous Monday! Sunny,cool, falling leaves day. Hope wherever you are, whatever you're doing, you're happy, fulfilled &amp; safe.
(7.3684039716036125, 4.128156692709398)
RT @twtweetr RT @judyrey Me➡pillow. Wherever you are, whatever you're doing, I hope you're happy, fulfilled &amp; safe. G'night.
(7.9345305518524505, 4.901873069960601)
RT @Mick_Gill: The Mick Gill Daily is out! https://t.co/rmxiz60D3v Stories via @ToyotaMex @judyrey
(0.0, 0.0)
RT @tumblr: It's Picasso's birthday! Can't visit his work at @MuseumModernArt? Visit their Tumblr! https://t.co/5L9vKzpYez https://t.co/xb7…
(5.9211175809071595, 4.2689713340843483)
Happy Birthday Pablo Picasso! My portrait of him using original letters of ence Psalm 46 as strokes: https://t.co/V7k1JV65jS
(6.8672727272727263, 3.7583157894736843)
Hi. Happy Sweet Sunday! Dark sky &amp; colder here. Hope wherever you are, whatever you're doing, you're happy, fulfilled &amp; safe.
(7.8884109940769722, 3.9796656670532453)
Me ➡ pillow. Wherever you are, whatever you're doing, I hope you're happy, fulfilled &amp; safe. G'night.
(7.7381399200335661, 4.3574189532439229)
"Art... Is an attempt to bring order our of chaos."  -- Stephen Sondheim
(5.234534174904879, 4.6121835868351866)
RT @deyoungmuseum: Wondering where our Picasso has gone? He's currently enjoying a city break in NYC, courtesy of @MuseumModernArt. https:/…
(6.1625703850251101, 4.6676297434837641)
RT @VanGoghTheLife: #VanGogh of the Day: Garden of St Paul's Hospital, Oct 1889. Oil on canvas, 74 x 61 cm. @VanGoghMuseum, Amsterdam. http…
(5.6699999999999999, 2.7000000000000002)
jeanettejoy:
Beware that the detours in your life don't turn into destinations. - Tim Fargo #quote
(5.8362809917355376, 4.3775723830734963)
Woody's Boathouse Restaurant on #Yelp: I know this place gets a bad rap, but I've only had great times here. The vi… https://t.co/UUcUWbvcyU
(5.86366641378563, 3.8162838843971079)
Woody's Boathouse Restaurant on #Yelp: The little purple hat ghost moved. https://t.co/IVWSB4MV6W
(5.4551599999999993, 4.0861646913632779)
The Jeanette Joy Daily is out! https://t.co/aqLLVfz9Se Stories via @amazingloveqote @OrganicFoodMaps @LynnCinnamon
(3.0, 0.0)
You'll do more GOOD if you aim to SERVE more than you aim to PLEASE. - Chris Edmonds #quote #leadership
(5.7752941176470589, 3.8827436281859069)
If you think you can win, you can win. Faith is necessary to victory. - William Hazlitt #quote
(6.5559532034380981, 4.1716495180819022)
You have to risk going too far to discover just how far you can really go. -Jim Rohn #quote
(6.2920789731582669, 4.6376288253474733)
@LifeSourceTulum Are we doing clay with Enicia? I love the clay fun at @GlenIvySpas.
(7.0258016080596715, 4.7232261817888332)
Thanks to my top interactors! @ShiftYourLife @MirrorFinish @tomferry @DirtyUnkuls   #tweetjukebox via https://t.co/shb9ylrcye
(6.0, 4.3300000000000001)
It's always more important to be kind than to be right. - Rich Simmonds #quote
(6.9028497766803429, 3.9043050339608953)
Thanks to my top interactors! @fenceprotector @iSimangalisoZA @LavaUnited   #tweetjukebox via https://t.co/shb9ylrcye
(6.0, 4.3300000000000001)
Self-Esteem begins and ends with you. The more you know about yourself, the less moved you'll be by the opinions of others. - B. Dilley
(6.5, 3.3286374133949197)
Thanks to my top interactors! @GardhamDouglas @MomsofAmerica @PremierAgent   #tweetjukebox via https://t.co/shb9ylrcye
(6.0, 4.3300000000000001)
Be thankful for every day in YOUR life even with all the obstacles... - Axel Koster #AxelHappy #quote #social #Life
(6.927378464334395, 4.5408940101003639)
Thanks to my top interactors! @murray_pura @gridirongranny5 @JoyRossDavis   #tweetjukebox via https://t.co/shb9ylrcye
(6.0, 4.3300000000000001)
You have one job. And that is to live an extraordinary life. - Umair Hague #wisdom
(6.7872730496051661, 4.0344615474130379)
Thanks to my top interactors! @CashClamber @staceysoleil @WendyCartmell   #tweetjukebox via https://t.co/shb9ylrcye
(6.0, 4.3300000000000001)
Thanks to my top interactors! @Anne_Baxter_C @MargieArnett @SGSwritereditor   #tweetjukebox via https://t.co/shb9ylrcye
(6.0, 4.3300000000000001)
Thanks to my top interactors! @Avvo @SophieZo @tinatessina @pamhornerauthor   #tweetjukebox via https://t.co/shb9ylrcye
(6.0, 4.3300000000000001)
I myself am made entirely of flaws, stitched together with good intentions. - Augusten Burroughs #quote
(7.8899999999999988, 3.6600000000000001)
